 Err010 à  03:08:20:00              : INSTABILITÉ NUMÉRIQUE (Froude grand)
       Froude = 0.76E+08 au Pm   37399.00 du Bief 008
       Vitesse = ****** Largeur =    0.049 Section =     0.00 Hauteur =  0.001
 Err001 à  03:11:22:00 + 4.000 : DIVERGENCE des itérations (Debord)
       écart relatif (à Ymax et Qmax) croissant entre 2 itérées successives
       Itération 07 : écart en DZ = 0.547111E-03 ; écart en DQ = 0.404633E-01
       Itération 08 : écart en DZ = 0.836934E-03 ; écart en DQ = 0.617768E-01
       Z : Pm   33750.00 du bief   3 ; Q : Pm   33812.50 du bief   3
 Err001 à  03:12:13:48 + 4.000 : DIVERGENCE des itérations (Debord)
       écart relatif (à Ymax et Qmax) croissant entre 2 itérées successives
       Itération 07 : écart en DZ = 0.933008E-03 ; écart en DQ = 0.512432E-01
       Itération 08 : écart en DZ = 0.159419E-02 ; écart en DQ = 0.875600E-01
       Z : Pm   30458.33 du bief   3 ; Q : Pm   30416.67 du bief   3
 Err001 à  03:13:27:29,74 + 3.980 : DIVERGENCE des itérations (Debord)
       écart relatif (à Ymax et Qmax) croissant entre 2 itérées successives
       Itération 07 : écart en DZ = 0.405916E-05 ; écart en DQ = 0.289342E-03
       Itération 08 : écart en DZ = 0.427422E-05 ; écart en DQ = 0.304696E-03
       Z : Pm   34100.00 du bief   3 ; Q : Pm   34050.00 du bief   3
 Err010 à  03:13:27:30,53           : INSTABILITÉ NUMÉRIQUE (Froude grand)
       Froude = 0.20E+01 au Pm   34050.00 du Bief 003
       Vitesse = 10.144 Largeur =  137.949 Section =   354.64 Hauteur =  4.081
 Err001 à  03:13:58:59,92 + 3.970 : DIVERGENCE des itérations (Debord)
       écart relatif (à Ymax et Qmax) croissant entre 2 itérées successives
       Itération 07 : écart en DZ = 0.115042E-04 ; écart en DQ = 0.742285E-03
       Itération 08 : écart en DZ = 0.131759E-04 ; écart en DQ = 0.850076E-03
       Z : Pm   33250.00 du bief   3 ; Q : Pm   33300.00 du bief   3
 Err001 à  03:13:58:59,92 + 0.790 : DIVERGENCE des itérations (Debord)
       écart relatif (à Ymax et Qmax) croissant entre 2 itérées successives
       Itération 07 : écart en DZ = 0.321438E-02 ; écart en DQ = 0.704144E+00
       Itération 08 : écart en DZ = 0.840404E-02 ; écart en DQ = 0.179843E+01
       Z : Pm   33250.00 du bief   3 ; Q : Pm   33300.00 du bief   3
 Err001 à  03:13:59:00,67 + 0.750 : DIVERGENCE des itérations (Debord)
       écart relatif (à Ymax et Qmax) croissant entre 2 itérées successives
       Itération 07 : écart en DZ = 0.180860E-03 ; écart en DQ = 0.408129E-01
       Itération 08 : écart en DZ = 0.211277E-03 ; écart en DQ = 0.476447E-01
       Z : Pm   33250.00 du bief   3 ; Q : Pm   33300.00 du bief   3
 Err002 à  03:16:06:07,54 + 3.910 : NON CONVERGENCE des itérations 
       écart relatif (à Ymax et Qmax) trop grand après 99 itérations
       Itération 98 : écart en DZ = 0.348985E-04 ; écart en DQ = 0.227288E-02
       Itération 99 : écart en DZ = 0.348954E-04 ; écart en DQ = 0.227290E-02
       Z : Pm   33166.67 du bief   3 ; Q : Pm   33208.33 du bief   3
       Residu : 0.365972E+01(003: 33208.33)
 Err001 à  03:16:06:10,66 + 0.780 : DIVERGENCE des itérations (Debord)
       écart relatif (à Ymax et Qmax) croissant entre 2 itérées successives
       Itération 07 : écart en DZ = 0.146229E-03 ; écart en DQ = 0.300392E-01
       Itération 08 : écart en DZ = 0.190493E-03 ; écart en DQ = 0.391102E-01
       Z : Pm   33166.67 du bief   3 ; Q : Pm   33208.33 du bief   3
 Err001 à  03:17:42:26,68 + 3.860 : DIVERGENCE des itérations (Debord)
       écart relatif (à Ymax et Qmax) croissant entre 2 itérées successives
       Itération 07 : écart en DZ = 0.905975E-04 ; écart en DQ = 0.487892E-02
       Itération 08 : écart en DZ = 0.125041E-03 ; écart en DQ = 0.673447E-02
       Z : Pm   31000.00 du bief   3 ; Q : Pm   30972.22 du bief   3
 Err001 à  03:19:22:25,16 + 3.820 : DIVERGENCE des itérations (Debord)
       écart relatif (à Ymax et Qmax) croissant entre 2 itérées successives
       Itération 07 : écart en DZ = 0.125715E-03 ; écart en DQ = 0.781576E-02
       Itération 08 : écart en DZ = 0.176667E-03 ; écart en DQ = 0.109887E-01
       Z : Pm   31083.33 du bief   3 ; Q : Pm   31041.67 du bief   3
 Err002 à  03:22:25:42,16 + 3.760 : NON CONVERGENCE des itérations 
       écart relatif (à Ymax et Qmax) trop grand après 99 itérations
       Itération 98 : écart en DZ = 0.174875E-04 ; écart en DQ = 0.942009E-03
       Itération 99 : écart en DZ = 0.228994E-04 ; écart en DQ = 0.122440E-02
       Z : Pm   30500.00 du bief   3 ; Q : Pm   30458.33 du bief   3
       Residu : 0.539586E+01(003: 30458.33)
 Err001 à  03:22:25:45,91 + 3.750 : DIVERGENCE des itérations (Debord)
       écart relatif (à Ymax et Qmax) croissant entre 2 itérées successives
       Itération 09 : écart en DZ = 0.948931E-03 ; écart en DQ = 0.513334E-01
       Itération 10 : écart en DZ = 0.147733E-02 ; écart en DQ = 0.800802E-01
       Z : Pm   30500.00 du bief   3 ; Q : Pm   30458.33 du bief   3
 Err010 à  03:22:49:57,84           : INSTABILITÉ NUMÉRIQUE (Froude grand)
       Froude = 0.67E+01 au Pm   30600.00 du Bief 003
       Vitesse = 25.855 Largeur =   89.220 Section =   137.03 Hauteur =  2.232
 Err001 à  04:00:36:05,54 + 3.730 : DIVERGENCE des itérations (Debord)
       écart relatif (à Ymax et Qmax) croissant entre 2 itérées successives
       Itération 07 : écart en DZ = 0.622706E-04 ; écart en DQ = 0.357892E-02
       Itération 08 : écart en DZ = 0.859880E-04 ; écart en DQ = 0.494322E-02
       Z : Pm   31125.00 du bief   3 ; Q : Pm   31083.33 du bief   3
 Err010 à  04:15:41:52,53           : INSTABILITÉ NUMÉRIQUE (Froude grand)
       Froude = 0.39E+01 au Pm   30427.67 du Bief 008
       Vitesse =  9.264 Largeur =   50.363 Section =    29.33 Hauteur =  1.052
 Err010 à  04:15:41:56,09           : INSTABILITÉ NUMÉRIQUE (Froude grand)
       Froude = 0.69E+01 au Pm   31713.00 du Bief 008
       Vitesse = 17.510 Largeur =   46.328 Section =    30.11 Hauteur =  1.048
 Err001 à  04:18:08:49,25 + 3.650 : DIVERGENCE des itérations (Debord)
       écart relatif (à Ymax et Qmax) croissant entre 2 itérées successives
       Itération 07 : écart en DZ = 0.148515E-04 ; écart en DQ = 0.127671E-03
       Itération 08 : écart en DZ = 0.194791E-04 ; écart en DQ = 0.167487E-03
       Z : Pm   37444.00 du bief   8 ; Q : Pm   37399.00 du bief   8
 Err010 à  04:18:08:56,55           : INSTABILITÉ NUMÉRIQUE (Froude grand)
       Froude = 0.25E+01 au Pm   37399.00 du Bief 008
       Vitesse =  5.882 Largeur =   36.743 Section =    20.19 Hauteur =  1.007
 Err010 à  04:18:09:00,20           : INSTABILITÉ NUMÉRIQUE (Froude grand)
       Froude = 0.21E+01 au Pm   37399.00 du Bief 008
       Vitesse =  4.889 Largeur =   39.648 Section =    21.28 Hauteur =  1.036
