 Err010 à  00:00:05:00              : INSTABILITÉ NUMÉRIQUE (Froude grand)
       Froude = 0.20E+01 au Pm   37399.00 du Bief 008
       Vitesse =  6.228 Largeur =   96.095 Section =    92.78 Hauteur =  1.932
 Err002 à  00:00:04:16,80 + 3.420 : NON CONVERGENCE des itérations 
       écart relatif (à Ymax et Qmax) trop grand après 99 itérations
       Itération 98 : écart en DZ = 0.555894E-06 ; écart en DQ = 0.845816E-05
       Itération 99 : écart en DZ = 0.563663E-06 ; écart en DQ = 0.813525E-05
       Z : Pm   25660.33 du bief   8 ; Q : Pm   25764.00 du bief   8
       Residu : 0.153620E+00(008: 25660.33)
 Err010 à  00:00:27:14,72           : INSTABILITÉ NUMÉRIQUE (Froude grand)
       Froude = 0.25E+01 au Pm   26659.00 du Bief 008
       Vitesse =  7.536 Largeur =  100.211 Section =    94.50 Hauteur =  1.449
 Err001 à  00:04:01:06,78 + 3.710 : DIVERGENCE des itérations (Debord)
       écart relatif (à Ymax et Qmax) croissant entre 2 itérées successives
       Itération 07 : écart en DZ = 0.999332E-05 ; écart en DQ = 0.189432E-03
       Itération 08 : écart en DZ = 0.112623E-04 ; écart en DQ = 0.213496E-03
       Z : Pm   31041.67 du bief   3 ; Q : Pm   31083.33 du bief   3
 Err010 à  00:04:01:07,52           : INSTABILITÉ NUMÉRIQUE (Froude grand)
       Froude = 0.82E+01 au Pm   31083.33 du Bief 003
       Vitesse = 44.535 Largeur =  120.231 Section =   361.18 Hauteur =  5.390
 Err002 à  00:04:19:07,19 + 3.750 : NON CONVERGENCE des itérations 
       écart relatif (à Ymax et Qmax) trop grand après 99 itérations
       Itération 98 : écart en DZ = 0.131201E-04 ; écart en DQ = 0.170057E-03
       Itération 99 : écart en DZ = 0.182878E-04 ; écart en DQ = 0.237160E-03
       Z : Pm   30525.00 du bief   3 ; Q : Pm   30550.00 du bief   3
       Residu : 0.627834E+00(003: 30575.00)
 Err001 à  00:04:19:10,94 + 3.750 : DIVERGENCE des itérations (Debord)
       écart relatif (à Ymax et Qmax) croissant entre 2 itérées successives
       Itération 07 : écart en DZ = 0.873022E-04 ; écart en DQ = 0.113243E-02
       Itération 08 : écart en DZ = 0.118384E-03 ; écart en DQ = 0.153565E-02
       Z : Pm   30525.00 du bief   3 ; Q : Pm   30550.00 du bief   3
 Err001 à  00:04:21:41,35 + 3.760 : DIVERGENCE des itérations (Debord)
       écart relatif (à Ymax et Qmax) croissant entre 2 itérées successives
       Itération 07 : écart en DZ = 0.718029E-05 ; écart en DQ = 0.128627E-03
       Itération 08 : écart en DZ = 0.851250E-05 ; écart en DQ = 0.152493E-03
       Z : Pm   30416.67 du bief   3 ; Q : Pm   30458.33 du bief   3
 Err001 à  00:06:05:47,28 + 3.940 : DIVERGENCE des itérations (Debord)
       écart relatif (à Ymax et Qmax) croissant entre 2 itérées successives
       Itération 07 : écart en DZ = 0.528334E-05 ; écart en DQ = 0.100872E-03
       Itération 08 : écart en DZ = 0.547334E-05 ; écart en DQ = 0.104504E-03
       Z : Pm   33208.33 du bief   3 ; Q : Pm   33250.00 du bief   3
 Err001 à  00:06:05:48,06 + 0.780 : DIVERGENCE des itérations (Debord)
       écart relatif (à Ymax et Qmax) croissant entre 2 itérées successives
       Itération 07 : écart en DZ = 0.110628E-03 ; écart en DQ = 0.593337E-02
       Itération 08 : écart en DZ = 0.202662E-03 ; écart en DQ = 0.108882E-01
       Z : Pm   33208.33 du bief   3 ; Q : Pm   33250.00 du bief   3
 Err001 à  00:06:05:48,81 + 0.750 : DIVERGENCE des itérations (Debord)
       écart relatif (à Ymax et Qmax) croissant entre 2 itérées successives
       Itération 07 : écart en DZ = 0.506834E-03 ; écart en DQ = 0.282310E-01
       Itération 08 : écart en DZ = 0.103338E-02 ; écart en DQ = 0.579640E-01
       Z : Pm   33208.33 du bief   3 ; Q : Pm   33250.00 du bief   3
 Err001 à  00:06:54:35,31 + 3.990 : DIVERGENCE des itérations (Debord)
       écart relatif (à Ymax et Qmax) croissant entre 2 itérées successives
       Itération 07 : écart en DZ = 0.127064E-05 ; écart en DQ = 0.263554E-04
       Itération 08 : écart en DZ = 0.129610E-05 ; écart en DQ = 0.268831E-04
       Z : Pm   33875.00 du bief   3 ; Q : Pm   33937.50 du bief   3
 Err001 à  00:06:54:35,31 + 0.790 : DIVERGENCE des itérations (Debord)
       écart relatif (à Ymax et Qmax) croissant entre 2 itérées successives
       Itération 07 : écart en DZ = 0.198506E-04 ; écart en DQ = 0.129119E-02
       Itération 08 : écart en DZ = 0.283786E-04 ; écart en DQ = 0.184485E-02
       Z : Pm   33875.00 du bief   3 ; Q : Pm   33937.50 du bief   3
 Err001 à  00:06:54:38,31 + 0.750 : DIVERGENCE des itérations (Debord)
       écart relatif (à Ymax et Qmax) croissant entre 2 itérées successives
       Itération 07 : écart en DZ = 0.352728E-04 ; écart en DQ = 0.239692E-02
       Itération 08 : écart en DZ = 0.527415E-04 ; écart en DQ = 0.358042E-02
       Z : Pm   33875.00 du bief   3 ; Q : Pm   33937.50 du bief   3
 Err001 à  00:06:54:42,06 + 0.750 : DIVERGENCE des itérations (Debord)
       écart relatif (à Ymax et Qmax) croissant entre 2 itérées successives
       Itération 07 : écart en DZ = 0.416104E-04 ; écart en DQ = 0.282607E-02
       Itération 08 : écart en DZ = 0.621936E-04 ; écart en DQ = 0.421910E-02
       Z : Pm   33875.00 du bief   3 ; Q : Pm   33937.50 du bief   3
 Err001 à  00:06:54:46,56 + 3.750 : DIVERGENCE des itérations (Debord)
       écart relatif (à Ymax et Qmax) croissant entre 2 itérées successives
       Itération 07 : écart en DZ = 0.522437E-06 ; écart en DQ = 0.112073E-04
       Itération 08 : écart en DZ = 0.534305E-06 ; écart en DQ = 0.114618E-04
       Z : Pm   33875.00 du bief   3 ; Q : Pm   33937.50 du bief   3
 Err001 à  00:06:54:46,56 + 0.750 : DIVERGENCE des itérations (Debord)
       écart relatif (à Ymax et Qmax) croissant entre 2 itérées successives
       Itération 07 : écart en DZ = 0.982943E-05 ; écart en DQ = 0.669418E-03
       Itération 08 : écart en DZ = 0.147523E-04 ; écart en DQ = 0.100440E-02
       Z : Pm   33875.00 du bief   3 ; Q : Pm   33937.50 du bief   3
 Err001 à  00:06:54:51,06 + 3.750 : DIVERGENCE des itérations (Debord)
       écart relatif (à Ymax et Qmax) croissant entre 2 itérées successives
       Itération 07 : écart en DZ = 0.108989E-05 ; écart en DQ = 0.233769E-04
       Itération 08 : écart en DZ = 0.111405E-05 ; écart en DQ = 0.238947E-04
       Z : Pm   33875.00 du bief   3 ; Q : Pm   33937.50 du bief   3
 Err001 à  00:06:54:51,06 + 0.750 : DIVERGENCE des itérations (Debord)
       écart relatif (à Ymax et Qmax) croissant entre 2 itérées successives
       Itération 07 : écart en DZ = 0.302458E-04 ; écart en DQ = 0.205643E-02
       Itération 08 : écart en DZ = 0.452974E-04 ; écart en DQ = 0.307719E-02
       Z : Pm   33875.00 du bief   3 ; Q : Pm   33937.50 du bief   3
 Err001 à  00:06:54:54,06 + 0.750 : DIVERGENCE des itérations (Debord)
       écart relatif (à Ymax et Qmax) croissant entre 2 itérées successives
       Itération 07 : écart en DZ = 0.305800E-05 ; écart en DQ = 0.208393E-03
       Itération 08 : écart en DZ = 0.459666E-05 ; écart en DQ = 0.313222E-03
       Z : Pm   33875.00 du bief   3 ; Q : Pm   33937.50 du bief   3
 Err001 à  00:08:34:23,17 + 4.050 : DIVERGENCE des itérations (Debord)
       écart relatif (à Ymax et Qmax) croissant entre 2 itérées successives
       Itération 07 : écart en DZ = 0.801664E-06 ; écart en DQ = 0.159246E-04
       Itération 08 : écart en DZ = 0.816711E-06 ; écart en DQ = 0.162233E-04
       Z : Pm   33937.50 du bief   3 ; Q : Pm   34000.00 du bief   3
 Err001 à  00:08:34:23,17 + 0.800 : DIVERGENCE des itérations (Debord)
       écart relatif (à Ymax et Qmax) croissant entre 2 itérées successives
       Itération 07 : écart en DZ = 0.104506E-04 ; écart en DQ = 0.648983E-03
       Itération 08 : écart en DZ = 0.141976E-04 ; écart en DQ = 0.881417E-03
       Z : Pm   33937.50 du bief   3 ; Q : Pm   34000.00 du bief   3
 Err001 à  00:08:34:35,97 + 4.000 : DIVERGENCE des itérations (Debord)
       écart relatif (à Ymax et Qmax) croissant entre 2 itérées successives
       Itération 15 : écart en DZ = 0.543242E-06 ; écart en DQ = 0.108633E-04
       Itération 16 : écart en DZ = 0.553771E-06 ; écart en DQ = 0.110738E-04
       Z : Pm   33937.50 du bief   3 ; Q : Pm   34000.00 du bief   3
 Err001 à  00:08:34:35,97 + 0.800 : DIVERGENCE des itérations (Debord)
       écart relatif (à Ymax et Qmax) croissant entre 2 itérées successives
       Itération 07 : écart en DZ = 0.404410E-05 ; écart en DQ = 0.251383E-03
       Itération 08 : écart en DZ = 0.550423E-05 ; écart en DQ = 0.342107E-03
       Z : Pm   33937.50 du bief   3 ; Q : Pm   34000.00 du bief   3
