 Err001 à  03:04:37:38,64 + 5.040 : DIVERGENCE des itérations (Debord)
       écart relatif (à Ymax et Qmax) croissant entre 2 itérées successives
       Itération 09 : écart en DZ = 0.405617E-05 ; écart en DQ = 0.215664E-03
       Itération 10 : écart en DZ = 0.412371E-05 ; écart en DQ = 0.219217E-03
       Z : Pm   38603.00 du bief   4 ; Q : Pm   38541.00 du bief   4
 Err001 à  03:04:37:38,64 + 1.000 : DIVERGENCE des itérations (Debord)
       écart relatif (à Ymax et Qmax) croissant entre 2 itérées successives
       Itération 07 : écart en DZ = 0.106507E-03 ; écart en DQ = 0.210833E-01
       Itération 08 : écart en DZ = 0.128904E-03 ; écart en DQ = 0.250031E-01
       Z : Pm   38603.00 du bief   4 ; Q : Pm   38541.00 du bief   4
 Err001 à  03:16:01:47,25 + 4.290 : DIVERGENCE des itérations (Debord)
       écart relatif (à Ymax et Qmax) croissant entre 2 itérées successives
       Itération 07 : écart en DZ = 0.315561E-04 ; écart en DQ = 0.422802E-03
       Itération 08 : écart en DZ = 0.451736E-04 ; écart en DQ = 0.605100E-03
       Z : Pm   37444.00 du bief   8 ; Q : Pm   37399.00 du bief   8
 Err001 à  03:16:01:51,50 + 4.250 : DIVERGENCE des itérations (Debord)
       écart relatif (à Ymax et Qmax) croissant entre 2 itérées successives
       Itération 07 : écart en DZ = 0.302608E+00 ; écart en DQ = 0.107036E+02
       Itération 08 : écart en DZ = 0.177238E+01 ; écart en DQ = 0.837387E+16
       Z : Pm   37328.00 du bief   8 ; Q : Pm   37399.00 du bief   8
 Err010 à  03:16:01:60              : INSTABILITÉ NUMÉRIQUE (Froude grand)
       Froude = 0.25E+01 au Pm   37215.00 du Bief 008
       Vitesse =  5.793 Largeur =   56.515 Section =    31.85 Hauteur =  1.750
 Err001 à  03:18:09:49,26 + 4.270 : DIVERGENCE des itérations (Debord)
       écart relatif (à Ymax et Qmax) croissant entre 2 itérées successives
       Itération 07 : écart en DZ = 0.398204E-04 ; écart en DQ = 0.401096E-03
       Itération 08 : écart en DZ = 0.628006E-04 ; écart en DQ = 0.632709E-03
       Z : Pm   37444.00 du bief   8 ; Q : Pm   37399.00 du bief   8
 Err010 à  03:18:09:57,76           : INSTABILITÉ NUMÉRIQUE (Froude grand)
       Froude = 0.22E+01 au Pm   37399.00 du Bief 008
       Vitesse =  5.142 Largeur =   37.078 Section =    20.29 Hauteur =  1.010
 Err010 à  03:18:10:00              : INSTABILITÉ NUMÉRIQUE (Froude grand)
       Froude = 0.28E+01 au Pm   37399.00 du Bief 008
       Vitesse =  6.485 Largeur =   38.443 Section =    20.70 Hauteur =  1.021
 Err001 à  03:19:04:15 + 4.250 : DIVERGENCE des itérations (Debord)
       écart relatif (à Ymax et Qmax) croissant entre 2 itérées successives
       Itération 07 : écart en DZ = 0.932660E-04 ; écart en DQ = 0.248201E-02
       Itération 08 : écart en DZ = 0.107804E-03 ; écart en DQ = 0.286210E-02
       Z : Pm   38891.00 du bief   4 ; Q : Pm   38841.00 du bief   4
 Err002 à  04:12:26:52,86 + 3.720 : NON CONVERGENCE des itérations 
       écart relatif (à Ymax et Qmax) trop grand après 99 itérations
       Itération 98 : écart en DZ = 0.229606E-05 ; écart en DQ = 0.107492E-03
       Itération 99 : écart en DZ = 0.158667E-04 ; écart en DQ = 0.750343E-03
       Z : Pm   30525.00 du bief   3 ; Q : Pm   30500.00 du bief   3
       Residu : 0.248482E+01(003: 30500.00)
 Err002 à  04:13:09:02,14 + 3.740 : NON CONVERGENCE des itérations 
       écart relatif (à Ymax et Qmax) trop grand après 99 itérations
       Itération 98 : écart en DZ = 0.108467E-04 ; écart en DQ = 0.420735E-03
       Itération 99 : écart en DZ = 0.122081E-04 ; écart en DQ = 0.474278E-03
       Z : Pm   30500.00 du bief   3 ; Q : Pm   30525.00 du bief   3
       Residu : 0.678740E+00(003: 30550.00)
