 Err010 à  00:00:00:00              : INSTABILITÉ NUMÉRIQUE (Froude grand)
       Froude = 0.40E+03 au Pm      19.00 du Bief 002
       Vitesse = 40.000 Largeur =    1.000 Section =     0.00 Hauteur =  0.001
 Err010 à  00:00:00:00              : INSTABILITÉ NUMÉRIQUE (Froude grand)
       Froude = 0.14E+03 au Pm      19.00 du Bief 002
       Vitesse = 20.000 Largeur =    1.000 Section =     0.00 Hauteur =  0.002
 Err010 à  00:00:00:00              : INSTABILITÉ NUMÉRIQUE (Froude grand)
       Froude = 0.97E+01 au Pm      19.00 du Bief 002
       Vitesse =  3.333 Largeur =    1.000 Section =     0.01 Hauteur =  0.012
 Err010 à  00:00:00:00              : INSTABILITÉ NUMÉRIQUE (Froude grand)
       Froude = 0.39E+01 au Pm      19.00 du Bief 002
       Vitesse =  1.818 Largeur =    1.000 Section =     0.02 Hauteur =  0.022
 Err010 à  00:00:00:00              : INSTABILITÉ NUMÉRIQUE (Froude grand)
       Froude = 0.22E+01 au Pm      19.00 du Bief 002
       Vitesse =  1.250 Largeur =    1.000 Section =     0.03 Hauteur =  0.032
 Err010 à  00:00:00:00              : INSTABILITÉ NUMÉRIQUE (Froude grand)
       Froude = 0.40E+03 au Pm      19.00 du Bief 002
       Vitesse = 40.000 Largeur =    1.000 Section =     0.00 Hauteur =  0.001
 Err010 à  00:00:00:00              : INSTABILITÉ NUMÉRIQUE (Froude grand)
       Froude = 0.40E+03 au Pm      18.00 du Bief 002
       Vitesse = 40.000 Largeur =    1.000 Section =     0.00 Hauteur =  0.001
 Err010 à  00:00:00:00              : INSTABILITÉ NUMÉRIQUE (Froude grand)
       Froude = 0.14E+03 au Pm      18.00 du Bief 002
       Vitesse = 20.000 Largeur =    1.000 Section =     0.00 Hauteur =  0.002
 Err010 à  00:00:00:00              : INSTABILITÉ NUMÉRIQUE (Froude grand)
       Froude = 0.97E+01 au Pm      18.00 du Bief 002
       Vitesse =  3.333 Largeur =    1.000 Section =     0.01 Hauteur =  0.012
 Err010 à  00:00:00:00              : INSTABILITÉ NUMÉRIQUE (Froude grand)
       Froude = 0.39E+01 au Pm      18.00 du Bief 002
       Vitesse =  1.818 Largeur =    1.000 Section =     0.02 Hauteur =  0.022
 Err010 à  00:00:00:00              : INSTABILITÉ NUMÉRIQUE (Froude grand)
       Froude = 0.22E+01 au Pm      18.00 du Bief 002
       Vitesse =  1.250 Largeur =    1.000 Section =     0.03 Hauteur =  0.032
 Err010 à  00:00:00:00              : INSTABILITÉ NUMÉRIQUE (Froude grand)
       Froude = 0.40E+03 au Pm      18.00 du Bief 002
       Vitesse = 40.000 Largeur =    1.000 Section =     0.00 Hauteur =  0.001
 Err010 à  00:00:00:00              : INSTABILITÉ NUMÉRIQUE (Froude grand)
       Froude = 0.40E+03 au Pm      17.00 du Bief 002
       Vitesse = 40.000 Largeur =    1.000 Section =     0.00 Hauteur =  0.001
 Err010 à  00:00:00:00              : INSTABILITÉ NUMÉRIQUE (Froude grand)
       Froude = 0.14E+03 au Pm      17.00 du Bief 002
       Vitesse = 20.000 Largeur =    1.000 Section =     0.00 Hauteur =  0.002
 Err010 à  00:00:00:00              : INSTABILITÉ NUMÉRIQUE (Froude grand)
       Froude = 0.97E+01 au Pm      17.00 du Bief 002
       Vitesse =  3.333 Largeur =    1.000 Section =     0.01 Hauteur =  0.012
 Err010 à  00:00:00:00              : INSTABILITÉ NUMÉRIQUE (Froude grand)
       Froude = 0.39E+01 au Pm      17.00 du Bief 002
       Vitesse =  1.818 Largeur =    1.000 Section =     0.02 Hauteur =  0.022
 Err010 à  00:00:00:00              : INSTABILITÉ NUMÉRIQUE (Froude grand)
       Froude = 0.22E+01 au Pm      17.00 du Bief 002
       Vitesse =  1.250 Largeur =    1.000 Section =     0.03 Hauteur =  0.032
 Err010 à  00:00:00:00              : INSTABILITÉ NUMÉRIQUE (Froude grand)
       Froude = 0.40E+03 au Pm      17.00 du Bief 002
       Vitesse = 40.000 Largeur =    1.000 Section =     0.00 Hauteur =  0.001
 Err010 à  00:00:00:00              : INSTABILITÉ NUMÉRIQUE (Froude grand)
       Froude = 0.40E+03 au Pm      16.00 du Bief 002
       Vitesse = 40.000 Largeur =    1.000 Section =     0.00 Hauteur =  0.001
 Err010 à  00:00:00:00              : INSTABILITÉ NUMÉRIQUE (Froude grand)
       Froude = 0.14E+03 au Pm      16.00 du Bief 002
       Vitesse = 20.000 Largeur =    1.000 Section =     0.00 Hauteur =  0.002
 Err010 à  00:00:00:00              : INSTABILITÉ NUMÉRIQUE (Froude grand)
       Froude = 0.97E+01 au Pm      16.00 du Bief 002
       Vitesse =  3.333 Largeur =    1.000 Section =     0.01 Hauteur =  0.012
 Err010 à  00:00:00:00              : INSTABILITÉ NUMÉRIQUE (Froude grand)
       Froude = 0.39E+01 au Pm      16.00 du Bief 002
       Vitesse =  1.818 Largeur =    1.000 Section =     0.02 Hauteur =  0.022
 Err010 à  00:00:00:00              : INSTABILITÉ NUMÉRIQUE (Froude grand)
       Froude = 0.22E+01 au Pm      16.00 du Bief 002
       Vitesse =  1.250 Largeur =    1.000 Section =     0.03 Hauteur =  0.032
 Err010 à  00:00:00:00              : INSTABILITÉ NUMÉRIQUE (Froude grand)
       Froude = 0.40E+03 au Pm      16.00 du Bief 002
       Vitesse = 40.000 Largeur =    1.000 Section =     0.00 Hauteur =  0.001
 Err010 à  00:00:00:00              : INSTABILITÉ NUMÉRIQUE (Froude grand)
       Froude = 0.40E+03 au Pm      15.00 du Bief 002
       Vitesse = 40.000 Largeur =    1.000 Section =     0.00 Hauteur =  0.001
 Err010 à  00:00:00:00              : INSTABILITÉ NUMÉRIQUE (Froude grand)
       Froude = 0.14E+03 au Pm      15.00 du Bief 002
       Vitesse = 20.000 Largeur =    1.000 Section =     0.00 Hauteur =  0.002
 Err010 à  00:00:00:00              : INSTABILITÉ NUMÉRIQUE (Froude grand)
       Froude = 0.97E+01 au Pm      15.00 du Bief 002
       Vitesse =  3.333 Largeur =    1.000 Section =     0.01 Hauteur =  0.012
 Err010 à  00:00:00:00              : INSTABILITÉ NUMÉRIQUE (Froude grand)
       Froude = 0.39E+01 au Pm      15.00 du Bief 002
       Vitesse =  1.818 Largeur =    1.000 Section =     0.02 Hauteur =  0.022
 Err010 à  00:00:00:00              : INSTABILITÉ NUMÉRIQUE (Froude grand)
       Froude = 0.22E+01 au Pm      15.00 du Bief 002
       Vitesse =  1.250 Largeur =    1.000 Section =     0.03 Hauteur =  0.032
 Err010 à  00:00:00:00              : INSTABILITÉ NUMÉRIQUE (Froude grand)
       Froude = 0.40E+03 au Pm      15.00 du Bief 002
       Vitesse = 40.000 Largeur =    1.000 Section =     0.00 Hauteur =  0.001
 Err010 à  00:00:00:00              : INSTABILITÉ NUMÉRIQUE (Froude grand)
       Froude = 0.40E+03 au Pm      14.00 du Bief 002
       Vitesse = 40.000 Largeur =    1.000 Section =     0.00 Hauteur =  0.001
 Err010 à  00:00:00:00              : INSTABILITÉ NUMÉRIQUE (Froude grand)
       Froude = 0.14E+03 au Pm      14.00 du Bief 002
       Vitesse = 20.000 Largeur =    1.000 Section =     0.00 Hauteur =  0.002
 Err010 à  00:00:00:00              : INSTABILITÉ NUMÉRIQUE (Froude grand)
       Froude = 0.97E+01 au Pm      14.00 du Bief 002
       Vitesse =  3.333 Largeur =    1.000 Section =     0.01 Hauteur =  0.012
 Err010 à  00:00:00:00              : INSTABILITÉ NUMÉRIQUE (Froude grand)
       Froude = 0.39E+01 au Pm      14.00 du Bief 002
       Vitesse =  1.818 Largeur =    1.000 Section =     0.02 Hauteur =  0.022
 Err010 à  00:00:00:00              : INSTABILITÉ NUMÉRIQUE (Froude grand)
       Froude = 0.22E+01 au Pm      14.00 du Bief 002
       Vitesse =  1.250 Largeur =    1.000 Section =     0.03 Hauteur =  0.032
 Err010 à  00:00:00:00              : INSTABILITÉ NUMÉRIQUE (Froude grand)
       Froude = 0.40E+03 au Pm      14.00 du Bief 002
       Vitesse = 40.000 Largeur =    1.000 Section =     0.00 Hauteur =  0.001
 Err010 à  00:00:00:00              : INSTABILITÉ NUMÉRIQUE (Froude grand)
       Froude = 0.40E+03 au Pm      13.00 du Bief 002
       Vitesse = 40.000 Largeur =    1.000 Section =     0.00 Hauteur =  0.001
 Err010 à  00:00:00:00              : INSTABILITÉ NUMÉRIQUE (Froude grand)
       Froude = 0.14E+03 au Pm      13.00 du Bief 002
       Vitesse = 20.000 Largeur =    1.000 Section =     0.00 Hauteur =  0.002
 Err010 à  00:00:00:00              : INSTABILITÉ NUMÉRIQUE (Froude grand)
       Froude = 0.97E+01 au Pm      13.00 du Bief 002
       Vitesse =  3.333 Largeur =    1.000 Section =     0.01 Hauteur =  0.012
 Err010 à  00:00:00:00              : INSTABILITÉ NUMÉRIQUE (Froude grand)
       Froude = 0.39E+01 au Pm      13.00 du Bief 002
       Vitesse =  1.818 Largeur =    1.000 Section =     0.02 Hauteur =  0.022
 Err010 à  00:00:00:00              : INSTABILITÉ NUMÉRIQUE (Froude grand)
       Froude = 0.22E+01 au Pm      13.00 du Bief 002
       Vitesse =  1.250 Largeur =    1.000 Section =     0.03 Hauteur =  0.032
 Err010 à  00:00:00:00              : INSTABILITÉ NUMÉRIQUE (Froude grand)
       Froude = 0.40E+03 au Pm      13.00 du Bief 002
       Vitesse = 40.000 Largeur =    1.000 Section =     0.00 Hauteur =  0.001
 Err010 à  00:00:00:00              : INSTABILITÉ NUMÉRIQUE (Froude grand)
       Froude = 0.40E+03 au Pm      12.00 du Bief 002
       Vitesse = 40.000 Largeur =    1.000 Section =     0.00 Hauteur =  0.001
 Err010 à  00:00:00:00              : INSTABILITÉ NUMÉRIQUE (Froude grand)
       Froude = 0.14E+03 au Pm      12.00 du Bief 002
       Vitesse = 20.000 Largeur =    1.000 Section =     0.00 Hauteur =  0.002
 Err010 à  00:00:00:00              : INSTABILITÉ NUMÉRIQUE (Froude grand)
       Froude = 0.97E+01 au Pm      12.00 du Bief 002
       Vitesse =  3.333 Largeur =    1.000 Section =     0.01 Hauteur =  0.012
 Err010 à  00:00:00:00              : INSTABILITÉ NUMÉRIQUE (Froude grand)
       Froude = 0.39E+01 au Pm      12.00 du Bief 002
       Vitesse =  1.818 Largeur =    1.000 Section =     0.02 Hauteur =  0.022
 Err010 à  00:00:00:00              : INSTABILITÉ NUMÉRIQUE (Froude grand)
       Froude = 0.22E+01 au Pm      12.00 du Bief 002
       Vitesse =  1.250 Largeur =    1.000 Section =     0.03 Hauteur =  0.032
 Err010 à  00:00:00:00              : INSTABILITÉ NUMÉRIQUE (Froude grand)
       Froude = 0.40E+03 au Pm      12.00 du Bief 002
       Vitesse = 40.000 Largeur =    1.000 Section =     0.00 Hauteur =  0.001
 Err010 à  00:00:00:00              : INSTABILITÉ NUMÉRIQUE (Froude grand)
       Froude = 0.40E+03 au Pm      11.00 du Bief 002
       Vitesse = 40.000 Largeur =    1.000 Section =     0.00 Hauteur =  0.001
 Err010 à  00:00:00:00              : INSTABILITÉ NUMÉRIQUE (Froude grand)
       Froude = 0.14E+03 au Pm      11.00 du Bief 002
       Vitesse = 20.000 Largeur =    1.000 Section =     0.00 Hauteur =  0.002
 Err010 à  00:00:00:00              : INSTABILITÉ NUMÉRIQUE (Froude grand)
       Froude = 0.97E+01 au Pm      11.00 du Bief 002
       Vitesse =  3.333 Largeur =    1.000 Section =     0.01 Hauteur =  0.012
 Err010 à  00:00:00:00              : INSTABILITÉ NUMÉRIQUE (Froude grand)
       Froude = 0.39E+01 au Pm      11.00 du Bief 002
       Vitesse =  1.818 Largeur =    1.000 Section =     0.02 Hauteur =  0.022
 Err010 à  00:00:00:00              : INSTABILITÉ NUMÉRIQUE (Froude grand)
       Froude = 0.22E+01 au Pm      11.00 du Bief 002
       Vitesse =  1.250 Largeur =    1.000 Section =     0.03 Hauteur =  0.032
 Err010 à  00:00:00:00              : INSTABILITÉ NUMÉRIQUE (Froude grand)
       Froude = 0.40E+03 au Pm      11.00 du Bief 002
       Vitesse = 40.000 Largeur =    1.000 Section =     0.00 Hauteur =  0.001
 Err010 à  00:00:00:00              : INSTABILITÉ NUMÉRIQUE (Froude grand)
       Froude = 0.40E+03 au Pm      10.00 du Bief 002
       Vitesse = 40.000 Largeur =    1.000 Section =     0.00 Hauteur =  0.001
 Err010 à  00:00:00:00              : INSTABILITÉ NUMÉRIQUE (Froude grand)
       Froude = 0.14E+03 au Pm      10.00 du Bief 002
       Vitesse = 20.000 Largeur =    1.000 Section =     0.00 Hauteur =  0.002
 Err010 à  00:00:00:00              : INSTABILITÉ NUMÉRIQUE (Froude grand)
       Froude = 0.97E+01 au Pm      10.00 du Bief 002
       Vitesse =  3.333 Largeur =    1.000 Section =     0.01 Hauteur =  0.012
 Err010 à  00:00:00:00              : INSTABILITÉ NUMÉRIQUE (Froude grand)
       Froude = 0.39E+01 au Pm      10.00 du Bief 002
       Vitesse =  1.818 Largeur =    1.000 Section =     0.02 Hauteur =  0.022
 Err010 à  00:00:00:00              : INSTABILITÉ NUMÉRIQUE (Froude grand)
       Froude = 0.22E+01 au Pm      10.00 du Bief 002
       Vitesse =  1.250 Largeur =    1.000 Section =     0.03 Hauteur =  0.032
 Err010 à  00:00:00:00              : INSTABILITÉ NUMÉRIQUE (Froude grand)
       Froude = 0.40E+03 au Pm      10.00 du Bief 002
       Vitesse = 40.000 Largeur =    1.000 Section =     0.00 Hauteur =  0.001
 Err010 à  00:00:00:00              : INSTABILITÉ NUMÉRIQUE (Froude grand)
       Froude = 0.40E+03 au Pm       9.00 du Bief 002
       Vitesse = 40.000 Largeur =    1.000 Section =     0.00 Hauteur =  0.001
 Err010 à  00:00:00:00              : INSTABILITÉ NUMÉRIQUE (Froude grand)
       Froude = 0.14E+03 au Pm       9.00 du Bief 002
       Vitesse = 20.000 Largeur =    1.000 Section =     0.00 Hauteur =  0.002
 Err010 à  00:00:00:00              : INSTABILITÉ NUMÉRIQUE (Froude grand)
       Froude = 0.97E+01 au Pm       9.00 du Bief 002
       Vitesse =  3.333 Largeur =    1.000 Section =     0.01 Hauteur =  0.012
 Err010 à  00:00:00:00              : INSTABILITÉ NUMÉRIQUE (Froude grand)
       Froude = 0.39E+01 au Pm       9.00 du Bief 002
       Vitesse =  1.818 Largeur =    1.000 Section =     0.02 Hauteur =  0.022
 Err010 à  00:00:00:00              : INSTABILITÉ NUMÉRIQUE (Froude grand)
       Froude = 0.22E+01 au Pm       9.00 du Bief 002
       Vitesse =  1.250 Largeur =    1.000 Section =     0.03 Hauteur =  0.032
 Err010 à  00:00:00:00              : INSTABILITÉ NUMÉRIQUE (Froude grand)
       Froude = 0.40E+03 au Pm       9.00 du Bief 002
       Vitesse = 40.000 Largeur =    1.000 Section =     0.00 Hauteur =  0.001
 Err010 à  00:00:00:00              : INSTABILITÉ NUMÉRIQUE (Froude grand)
       Froude = 0.40E+03 au Pm       8.00 du Bief 002
       Vitesse = 40.000 Largeur =    1.000 Section =     0.00 Hauteur =  0.001
 Err010 à  00:00:00:00              : INSTABILITÉ NUMÉRIQUE (Froude grand)
       Froude = 0.14E+03 au Pm       8.00 du Bief 002
       Vitesse = 20.000 Largeur =    1.000 Section =     0.00 Hauteur =  0.002
 Err010 à  00:00:00:00              : INSTABILITÉ NUMÉRIQUE (Froude grand)
       Froude = 0.97E+01 au Pm       8.00 du Bief 002
       Vitesse =  3.333 Largeur =    1.000 Section =     0.01 Hauteur =  0.012
 Err010 à  00:00:00:00              : INSTABILITÉ NUMÉRIQUE (Froude grand)
       Froude = 0.39E+01 au Pm       8.00 du Bief 002
       Vitesse =  1.818 Largeur =    1.000 Section =     0.02 Hauteur =  0.022
 Err010 à  00:00:00:00              : INSTABILITÉ NUMÉRIQUE (Froude grand)
       Froude = 0.22E+01 au Pm       8.00 du Bief 002
       Vitesse =  1.250 Largeur =    1.000 Section =     0.03 Hauteur =  0.032
 Err010 à  00:00:00:00              : INSTABILITÉ NUMÉRIQUE (Froude grand)
       Froude = 0.40E+03 au Pm       8.00 du Bief 002
       Vitesse = 40.000 Largeur =    1.000 Section =     0.00 Hauteur =  0.001
 Err010 à  00:00:00:00              : INSTABILITÉ NUMÉRIQUE (Froude grand)
       Froude = 0.40E+03 au Pm       7.00 du Bief 002
       Vitesse = 40.000 Largeur =    1.000 Section =     0.00 Hauteur =  0.001
 Err010 à  00:00:00:00              : INSTABILITÉ NUMÉRIQUE (Froude grand)
       Froude = 0.14E+03 au Pm       7.00 du Bief 002
       Vitesse = 20.000 Largeur =    1.000 Section =     0.00 Hauteur =  0.002
 Err010 à  00:00:00:00              : INSTABILITÉ NUMÉRIQUE (Froude grand)
       Froude = 0.97E+01 au Pm       7.00 du Bief 002
       Vitesse =  3.333 Largeur =    1.000 Section =     0.01 Hauteur =  0.012
 Err010 à  00:00:00:00              : INSTABILITÉ NUMÉRIQUE (Froude grand)
       Froude = 0.39E+01 au Pm       7.00 du Bief 002
       Vitesse =  1.818 Largeur =    1.000 Section =     0.02 Hauteur =  0.022
 Err010 à  00:00:00:00              : INSTABILITÉ NUMÉRIQUE (Froude grand)
       Froude = 0.22E+01 au Pm       7.00 du Bief 002
       Vitesse =  1.250 Largeur =    1.000 Section =     0.03 Hauteur =  0.032
 Err010 à  00:00:00:00              : INSTABILITÉ NUMÉRIQUE (Froude grand)
       Froude = 0.40E+03 au Pm       7.00 du Bief 002
       Vitesse = 40.000 Largeur =    1.000 Section =     0.00 Hauteur =  0.001
 Err010 à  00:00:00:00              : INSTABILITÉ NUMÉRIQUE (Froude grand)
       Froude = 0.40E+03 au Pm       6.00 du Bief 002
       Vitesse = 40.000 Largeur =    1.000 Section =     0.00 Hauteur =  0.001
 Err010 à  00:00:00:00              : INSTABILITÉ NUMÉRIQUE (Froude grand)
       Froude = 0.14E+03 au Pm       6.00 du Bief 002
       Vitesse = 20.000 Largeur =    1.000 Section =     0.00 Hauteur =  0.002
 Err010 à  00:00:00:00              : INSTABILITÉ NUMÉRIQUE (Froude grand)
       Froude = 0.97E+01 au Pm       6.00 du Bief 002
       Vitesse =  3.333 Largeur =    1.000 Section =     0.01 Hauteur =  0.012
 Err010 à  00:00:00:00              : INSTABILITÉ NUMÉRIQUE (Froude grand)
       Froude = 0.39E+01 au Pm       6.00 du Bief 002
       Vitesse =  1.818 Largeur =    1.000 Section =     0.02 Hauteur =  0.022
 Err010 à  00:00:00:00              : INSTABILITÉ NUMÉRIQUE (Froude grand)
       Froude = 0.22E+01 au Pm       6.00 du Bief 002
       Vitesse =  1.250 Largeur =    1.000 Section =     0.03 Hauteur =  0.032
 Err010 à  00:00:00:00              : INSTABILITÉ NUMÉRIQUE (Froude grand)
       Froude = 0.40E+03 au Pm       6.00 du Bief 002
       Vitesse = 40.000 Largeur =    1.000 Section =     0.00 Hauteur =  0.001
 Err010 à  00:00:00:00              : INSTABILITÉ NUMÉRIQUE (Froude grand)
       Froude = 0.40E+03 au Pm       5.00 du Bief 002
       Vitesse = 40.000 Largeur =    1.000 Section =     0.00 Hauteur =  0.001
 Err010 à  00:00:00:00              : INSTABILITÉ NUMÉRIQUE (Froude grand)
       Froude = 0.14E+03 au Pm       5.00 du Bief 002
       Vitesse = 20.000 Largeur =    1.000 Section =     0.00 Hauteur =  0.002
 Err010 à  00:00:00:00              : INSTABILITÉ NUMÉRIQUE (Froude grand)
       Froude = 0.97E+01 au Pm       5.00 du Bief 002
       Vitesse =  3.333 Largeur =    1.000 Section =     0.01 Hauteur =  0.012
 Err010 à  00:00:00:00              : INSTABILITÉ NUMÉRIQUE (Froude grand)
       Froude = 0.39E+01 au Pm       5.00 du Bief 002
       Vitesse =  1.818 Largeur =    1.000 Section =     0.02 Hauteur =  0.022
 Err010 à  00:00:00:00              : INSTABILITÉ NUMÉRIQUE (Froude grand)
       Froude = 0.22E+01 au Pm       5.00 du Bief 002
       Vitesse =  1.250 Largeur =    1.000 Section =     0.03 Hauteur =  0.032
 Err010 à  00:00:00:00              : INSTABILITÉ NUMÉRIQUE (Froude grand)
       Froude = 0.40E+03 au Pm       5.00 du Bief 002
       Vitesse = 40.000 Largeur =    1.000 Section =     0.00 Hauteur =  0.001
 Err010 à  00:00:00:00              : INSTABILITÉ NUMÉRIQUE (Froude grand)
       Froude = 0.40E+03 au Pm       4.00 du Bief 002
       Vitesse = 40.000 Largeur =    1.000 Section =     0.00 Hauteur =  0.001
 Err010 à  00:00:00:00              : INSTABILITÉ NUMÉRIQUE (Froude grand)
       Froude = 0.14E+03 au Pm       4.00 du Bief 002
       Vitesse = 20.000 Largeur =    1.000 Section =     0.00 Hauteur =  0.002
 Err010 à  00:00:00:00              : INSTABILITÉ NUMÉRIQUE (Froude grand)
       Froude = 0.97E+01 au Pm       4.00 du Bief 002
       Vitesse =  3.333 Largeur =    1.000 Section =     0.01 Hauteur =  0.012
 Err010 à  00:00:00:00              : INSTABILITÉ NUMÉRIQUE (Froude grand)
       Froude = 0.39E+01 au Pm       4.00 du Bief 002
       Vitesse =  1.818 Largeur =    1.000 Section =     0.02 Hauteur =  0.022
 Err010 à  00:00:00:00              : INSTABILITÉ NUMÉRIQUE (Froude grand)
       Froude = 0.22E+01 au Pm       4.00 du Bief 002
       Vitesse =  1.250 Largeur =    1.000 Section =     0.03 Hauteur =  0.032
 Err010 à  00:00:00:00              : INSTABILITÉ NUMÉRIQUE (Froude grand)
       Froude = 0.40E+03 au Pm       4.00 du Bief 002
       Vitesse = 40.000 Largeur =    1.000 Section =     0.00 Hauteur =  0.001
 Err010 à  00:00:00:00              : INSTABILITÉ NUMÉRIQUE (Froude grand)
       Froude = 0.40E+03 au Pm       3.00 du Bief 002
       Vitesse = 40.000 Largeur =    1.000 Section =     0.00 Hauteur =  0.001
 Err010 à  00:00:00:00              : INSTABILITÉ NUMÉRIQUE (Froude grand)
       Froude = 0.14E+03 au Pm       3.00 du Bief 002
       Vitesse = 20.000 Largeur =    1.000 Section =     0.00 Hauteur =  0.002
 Err010 à  00:00:00:00              : INSTABILITÉ NUMÉRIQUE (Froude grand)
       Froude = 0.97E+01 au Pm       3.00 du Bief 002
       Vitesse =  3.333 Largeur =    1.000 Section =     0.01 Hauteur =  0.012
 Err010 à  00:00:00:00              : INSTABILITÉ NUMÉRIQUE (Froude grand)
       Froude = 0.39E+01 au Pm       3.00 du Bief 002
       Vitesse =  1.818 Largeur =    1.000 Section =     0.02 Hauteur =  0.022
 Err010 à  00:00:00:00              : INSTABILITÉ NUMÉRIQUE (Froude grand)
       Froude = 0.22E+01 au Pm       3.00 du Bief 002
       Vitesse =  1.250 Largeur =    1.000 Section =     0.03 Hauteur =  0.032
 Err010 à  00:00:00:00              : INSTABILITÉ NUMÉRIQUE (Froude grand)
       Froude = 0.40E+03 au Pm       3.00 du Bief 002
       Vitesse = 40.000 Largeur =    1.000 Section =     0.00 Hauteur =  0.001
 Err010 à  00:00:00:00              : INSTABILITÉ NUMÉRIQUE (Froude grand)
       Froude = 0.40E+03 au Pm       2.00 du Bief 002
       Vitesse = 40.000 Largeur =    1.000 Section =     0.00 Hauteur =  0.001
 Err010 à  00:00:00:00              : INSTABILITÉ NUMÉRIQUE (Froude grand)
       Froude = 0.14E+03 au Pm       2.00 du Bief 002
       Vitesse = 20.000 Largeur =    1.000 Section =     0.00 Hauteur =  0.002
 Err010 à  00:00:00:00              : INSTABILITÉ NUMÉRIQUE (Froude grand)
       Froude = 0.97E+01 au Pm       2.00 du Bief 002
       Vitesse =  3.333 Largeur =    1.000 Section =     0.01 Hauteur =  0.012
 Err010 à  00:00:00:00              : INSTABILITÉ NUMÉRIQUE (Froude grand)
       Froude = 0.39E+01 au Pm       2.00 du Bief 002
       Vitesse =  1.818 Largeur =    1.000 Section =     0.02 Hauteur =  0.022
 Err010 à  00:00:00:00              : INSTABILITÉ NUMÉRIQUE (Froude grand)
       Froude = 0.22E+01 au Pm       2.00 du Bief 002
       Vitesse =  1.250 Largeur =    1.000 Section =     0.03 Hauteur =  0.032
 Err010 à  00:00:00:00              : INSTABILITÉ NUMÉRIQUE (Froude grand)
       Froude = 0.40E+03 au Pm       2.00 du Bief 002
       Vitesse = 40.000 Largeur =    1.000 Section =     0.00 Hauteur =  0.001
 Err010 à  00:00:00:00              : INSTABILITÉ NUMÉRIQUE (Froude grand)
       Froude = 0.40E+03 au Pm       1.00 du Bief 002
       Vitesse = 40.000 Largeur =    1.000 Section =     0.00 Hauteur =  0.001
 Err010 à  00:00:00:00              : INSTABILITÉ NUMÉRIQUE (Froude grand)
       Froude = 0.14E+03 au Pm       1.00 du Bief 002
       Vitesse = 20.000 Largeur =    1.000 Section =     0.00 Hauteur =  0.002
 Err010 à  00:00:00:00              : INSTABILITÉ NUMÉRIQUE (Froude grand)
       Froude = 0.97E+01 au Pm       1.00 du Bief 002
       Vitesse =  3.333 Largeur =    1.000 Section =     0.01 Hauteur =  0.012
 Err010 à  00:00:00:00              : INSTABILITÉ NUMÉRIQUE (Froude grand)
       Froude = 0.39E+01 au Pm       1.00 du Bief 002
       Vitesse =  1.818 Largeur =    1.000 Section =     0.02 Hauteur =  0.022
 Err010 à  00:00:00:00              : INSTABILITÉ NUMÉRIQUE (Froude grand)
       Froude = 0.22E+01 au Pm       1.00 du Bief 002
       Vitesse =  1.250 Largeur =    1.000 Section =     0.03 Hauteur =  0.032
 Err010 à  00:00:00:00              : INSTABILITÉ NUMÉRIQUE (Froude grand)
       Froude = 0.40E+03 au Pm       1.00 du Bief 002
       Vitesse = 40.000 Largeur =    1.000 Section =     0.00 Hauteur =  0.001
 Err010 à  00:00:00:00              : INSTABILITÉ NUMÉRIQUE (Froude grand)
       Froude = 0.40E+03 au Pm       0.00 du Bief 002
       Vitesse = 40.000 Largeur =    1.000 Section =     0.00 Hauteur =  0.001
 Err010 à  00:00:00:00              : INSTABILITÉ NUMÉRIQUE (Froude grand)
       Froude = 0.14E+03 au Pm       0.00 du Bief 002
       Vitesse = 20.000 Largeur =    1.000 Section =     0.00 Hauteur =  0.002
 Err010 à  00:00:00:00              : INSTABILITÉ NUMÉRIQUE (Froude grand)
       Froude = 0.97E+01 au Pm       0.00 du Bief 002
       Vitesse =  3.333 Largeur =    1.000 Section =     0.01 Hauteur =  0.012
 Err010 à  00:00:00:00              : INSTABILITÉ NUMÉRIQUE (Froude grand)
       Froude = 0.39E+01 au Pm       0.00 du Bief 002
       Vitesse =  1.818 Largeur =    1.000 Section =     0.02 Hauteur =  0.022
 Err010 à  00:00:00:00              : INSTABILITÉ NUMÉRIQUE (Froude grand)
       Froude = 0.22E+01 au Pm       0.00 du Bief 002
       Vitesse =  1.250 Largeur =    1.000 Section =     0.03 Hauteur =  0.032
 Err010 à  00:00:00:00              : INSTABILITÉ NUMÉRIQUE (Froude grand)
       Froude = 0.40E+03 au Pm       0.00 du Bief 002
       Vitesse = 40.000 Largeur =    1.000 Section =     0.00 Hauteur =  0.001
