 
 *********************************
 *********************************
 **           BaM !!!           **
 *********************************
 * Bayesian Model fitting        *
 *********************************
 *********************************
 
 *********************************
 **  Reading config files..     **
 
 Model: MDL_MAGE_ZQV
 ** Reading config files: DONE! **
 *********************************
 
 
 ***********************************
 ** Prediction Experiments...     **
 
 --------
 Experiment number:1/1
 WARNING: Prediction experiment has failed
 Error message: BaM_Prediction:BaM_getPriorMC:prior mode is not feasible
 
 ** Prediction Experiments: DONE! **
 ***********************************
 
 
 *********************************
 *********************************
 **           BaM !!!!          **
 *********************************
 *           All done!           *
 *********************************
 *********************************
 
 Press [enter] and I'll go away
